2024-01-25 Commit 1
2024-01-26 Commit 1
2024-01-26 Commit 2
2024-01-27 Commit 1
2024-01-28 Commit 1
2024-01-29 Commit 1
2024-01-29 Commit 2
2024-01-29 Commit 3
2024-01-30 Commit 1
2024-01-30 Commit 2
2024-01-31 Commit 1
2024-02-01 Commit 1
2024-02-01 Commit 2
2024-02-02 Commit 1
2024-02-02 Commit 2
2024-02-02 Commit 3
2024-02-03 Commit 1
2024-02-03 Commit 2
2024-02-04 Commit 1
2024-02-04 Commit 2
2024-02-05 Commit 1
2024-02-05 Commit 2
2024-02-05 Commit 3
2024-02-06 Commit 1
2024-02-06 Commit 2
2024-02-06 Commit 3
2024-02-07 Commit 1
2024-02-07 Commit 2
2024-02-07 Commit 3
2024-02-08 Commit 1
2024-02-09 Commit 1
2024-02-09 Commit 2
2024-02-10 Commit 1
2024-02-10 Commit 2
2024-02-11 Commit 1
2024-02-11 Commit 2
2024-02-12 Commit 1
2024-02-12 Commit 2
2024-02-12 Commit 3
2024-02-13 Commit 1
2024-02-13 Commit 2
2024-02-13 Commit 3
2024-02-14 Commit 1
2024-02-14 Commit 2
2024-02-15 Commit 1
2024-02-15 Commit 2
2024-02-16 Commit 1
2024-02-16 Commit 2
2024-02-16 Commit 3
2024-02-17 Commit 1
2024-02-18 Commit 1
2024-02-19 Commit 1
2024-02-19 Commit 2
2024-02-19 Commit 3
2024-02-20 Commit 1
2024-02-20 Commit 2
2024-02-20 Commit 3
2024-02-21 Commit 1
2024-02-21 Commit 2
2024-02-22 Commit 1
2024-02-22 Commit 2
2024-02-23 Commit 1
2024-02-24 Commit 1
2024-02-25 Commit 1
2024-02-25 Commit 2
2024-02-26 Commit 1
2024-02-26 Commit 2
2024-02-26 Commit 3
2024-02-27 Commit 1
2024-02-27 Commit 2
2024-02-28 Commit 1
2024-02-28 Commit 2
2024-02-28 Commit 3
2024-02-29 Commit 1
2024-02-29 Commit 2
2024-03-01 Commit 1
2024-03-01 Commit 2
2024-03-02 Commit 1
2024-03-03 Commit 1
2024-03-03 Commit 2
2024-03-03 Commit 3
2024-03-04 Commit 1
2024-03-04 Commit 2
2024-03-04 Commit 3
2024-03-05 Commit 1
2024-03-06 Commit 1
2024-03-06 Commit 2
2024-03-06 Commit 3
2024-03-07 Commit 1
2024-03-08 Commit 1
2024-03-09 Commit 1
2024-03-10 Commit 1
2024-03-11 Commit 1
2024-03-11 Commit 2
2024-03-12 Commit 1
2024-03-12 Commit 2
2024-03-12 Commit 3
2024-03-13 Commit 1
2024-03-13 Commit 2
2024-03-13 Commit 3
2024-03-14 Commit 1
2024-03-14 Commit 2
2024-03-14 Commit 3
2024-03-15 Commit 1
2024-03-15 Commit 2
2024-03-16 Commit 1
2024-03-16 Commit 2
2024-03-17 Commit 1
2024-03-17 Commit 2
2024-03-18 Commit 1
2024-01-25 Commit 1
2024-01-25 Commit 2
2024-01-25 Commit 3
2024-01-26 Commit 1
2024-01-27 Commit 1
2024-01-27 Commit 2
2024-01-27 Commit 3
2024-01-28 Commit 1
2024-01-29 Commit 1
2024-01-29 Commit 2
2024-01-29 Commit 3
2024-01-30 Commit 1
2024-01-30 Commit 2
2024-01-30 Commit 3
2024-01-31 Commit 1
2024-01-31 Commit 2
2024-02-01 Commit 1
2024-02-02 Commit 1
2024-02-02 Commit 2
2024-02-03 Commit 1
2024-02-03 Commit 2
2024-02-03 Commit 3
2024-02-04 Commit 1
2024-02-05 Commit 1
2024-02-06 Commit 1
2024-02-07 Commit 1
2024-02-08 Commit 1
2024-02-08 Commit 2
2024-02-09 Commit 1
2024-02-09 Commit 2
2024-02-09 Commit 3
2024-02-10 Commit 1
2024-02-10 Commit 2
2024-02-10 Commit 3
2024-02-11 Commit 1
2024-02-11 Commit 2
2024-02-12 Commit 1
2024-02-12 Commit 2
2024-02-12 Commit 3
2024-02-13 Commit 1
2024-02-13 Commit 2
2024-02-13 Commit 3
2024-02-14 Commit 1
2024-02-14 Commit 2
2024-02-14 Commit 3
2024-02-15 Commit 1
2024-02-15 Commit 2
2024-02-15 Commit 3
2024-02-16 Commit 1
2024-02-17 Commit 1
2024-02-17 Commit 2
2024-02-17 Commit 3
2024-02-18 Commit 1
2024-02-18 Commit 2
2024-02-18 Commit 3
2024-02-19 Commit 1
2024-02-20 Commit 1
2024-02-20 Commit 2
2024-02-20 Commit 3
2024-02-21 Commit 1
2024-02-22 Commit 1
2024-02-22 Commit 2
2024-02-22 Commit 3
2024-02-23 Commit 1
2024-02-23 Commit 2
2024-02-23 Commit 3
2024-02-24 Commit 1
2024-02-24 Commit 2
2024-02-24 Commit 3
2024-02-25 Commit 1
2024-02-25 Commit 2
2024-02-26 Commit 1
2024-02-26 Commit 2
2024-02-26 Commit 3
2024-02-27 Commit 1
2024-02-27 Commit 2
2024-02-27 Commit 3
2024-02-28 Commit 1
2024-02-28 Commit 2
2024-02-29 Commit 1
2024-03-01 Commit 1
2024-03-01 Commit 2
2024-03-02 Commit 1
2024-03-03 Commit 1
2024-03-04 Commit 1
2024-03-04 Commit 2
2024-03-04 Commit 3
2024-03-05 Commit 1
2024-03-05 Commit 2
2024-03-05 Commit 3
2024-03-06 Commit 1
2024-03-06 Commit 2
2024-03-06 Commit 3
2024-03-07 Commit 1
2024-03-07 Commit 2
2024-03-08 Commit 1
2024-03-08 Commit 2
2024-03-09 Commit 1
2024-03-10 Commit 1
2024-03-11 Commit 1
2024-03-12 Commit 1
2024-03-12 Commit 2
2024-03-13 Commit 1
2024-03-14 Commit 1
2024-03-14 Commit 2
2024-03-14 Commit 3
2024-03-15 Commit 1
2024-03-16 Commit 1
2024-03-17 Commit 1
2024-03-18 Commit 1
2024-01-25 Initial project setup
2024-01-26 Add basic folder structure
2024-01-27 Configure Tailwind CSS
2024-01-27 Add routing using Next.js
2024-01-28 Implement dashboard layout
2024-01-29 Connect to Stripe API
2024-01-30 Add product form component
2024-01-31 Fix bug in analytics chart
2024-02-01 Improve performance of dashboard
2024-02-01 Update README with usage guide
2024-02-02 Refactor authentication logic
2024-02-03 Add database schema with Drizzle
2024-02-04 Optimize API endpoints
2024-02-05 Clean up UI components
2024-02-06 Add subscription logic
2024-02-06 Fix type errors in config files
2024-02-07 Polish UI/UX on signup page
